<?xml version="1.0" encoding="utf-8"?><testsuites name="pytest tests"><testsuite name="pytest" errors="0" failures="0" skipped="0" tests="14" time="7.840" timestamp="2026-04-27T08:41:26.949807+00:00" hostname="agent-env-27633cd8-2878-472d-92cd-a1b6fa32fc9d"><testcase classname="backend.tests.test_whatsapp_multitenant_webhook.TestWebhookVerify" name="test_env_token_accepted" time="0.251" /><testcase classname="backend.tests.test_whatsapp_multitenant_webhook.TestWebhookVerify" name="test_tenant_token_accepted" time="0.172" /><testcase classname="backend.tests.test_whatsapp_multitenant_webhook.TestWebhookVerify" name="test_wrong_token_rejected" time="0.154" /><testcase classname="backend.tests.test_whatsapp_multitenant_webhook.TestWebhookHealth" name="test_health_reports_multi_tenant" time="0.445" /><testcase classname="backend.tests.test_whatsapp_multitenant_webhook.TestWebhookInbound" name="test_tenant_matched_via_mapping" time="1.702" /><testcase classname="backend.tests.test_whatsapp_multitenant_webhook.TestWebhookInbound" name="test_auto_heal_mapping_from_waba_configs" time="1.655" /><testcase classname="backend.tests.test_whatsapp_multitenant_webhook.TestWebhookInbound" name="test_unknown_pnid_logs_unmatched" time="0.615" /><testcase classname="backend.tests.test_whatsapp_multitenant_webhook.TestWebhookInbound" name="test_bot_loop_prevention" time="0.608" /><testcase classname="backend.tests.test_whatsapp_multitenant_webhook.TestDiagnosticRoutes" name="test_webhook_routing_super_admin" time="0.562" /><testcase classname="backend.tests.test_whatsapp_multitenant_webhook.TestDiagnosticRoutes" name="test_webhook_routing_forbidden_for_non_super" time="0.462" /><testcase classname="backend.tests.test_whatsapp_multitenant_webhook.TestDiagnosticRoutes" name="test_unmatched_webhooks_super_admin" time="0.115" /><testcase classname="backend.tests.test_whatsapp_multitenant_webhook.TestDiagnosticRoutes" name="test_unmatched_webhooks_forbidden_for_non_super" time="0.140" /><testcase classname="backend.tests.test_whatsapp_multitenant_webhook.TestMemoraAIWABA" name="test_webhook_info_returns_absolute_url" time="0.125" /><testcase classname="backend.tests.test_whatsapp_multitenant_webhook.TestMemoraAIWABA" name="test_save_config_without_waba_id_creates_mapping" time="0.618" /></testsuite></testsuites>