<?xml version="1.0" encoding="utf-8"?><testsuites name="pytest tests"><testsuite name="pytest" errors="0" failures="1" skipped="0" tests="13" time="95.514" timestamp="2026-05-05T07:17:46.265530+00:00" hostname="agent-env-27633cd8-2878-472d-92cd-a1b6fa32fc9d"><testcase classname="backend.tests.test_rag_autosync_breakdown" name="test_rag_status_shape" time="0.763" /><testcase classname="backend.tests.test_rag_autosync_breakdown" name="test_rag_sync_queues" time="0.056" /><testcase classname="backend.tests.test_rag_autosync_breakdown" name="test_project_create_autosync" time="15.245" /><testcase classname="backend.tests.test_rag_autosync_breakdown" name="test_project_update_autosync" time="0.053"><failure message="AssertionError: Internal Server Error&#10;assert 500 == 200&#10; +  where 500 = &lt;Response [500]&gt;.status_code">backend/tests/test_rag_autosync_breakdown.py:121: in test_project_update_autosync
    assert r.status_code == 200, r.text
E   AssertionError: Internal Server Error
E   assert 500 == 200
E    +  where 500 = &lt;Response [500]&gt;.status_code</failure></testcase><testcase classname="backend.tests.test_rag_autosync_breakdown" name="test_property_create_autosync" time="15.232" /><testcase classname="backend.tests.test_rag_autosync_breakdown" name="test_property_update_autosync" time="8.051" /><testcase classname="backend.tests.test_rag_autosync_breakdown" name="test_content_text_only_sync" time="10.064" /><testcase classname="backend.tests.test_rag_autosync_breakdown" name="test_content_pdf_native_sync" time="30.451" /><testcase classname="backend.tests.test_rag_autosync_breakdown" name="test_breakdown_has_project_and_property" time="0.253" /><testcase classname="backend.tests.test_rag_autosync_breakdown" name="test_heartbeat_date_not_june_2024" time="0.049" /><testcase classname="backend.tests.test_rag_autosync_breakdown" name="test_delete_property_autosync" time="5.050" /><testcase classname="backend.tests.test_rag_autosync_breakdown" name="test_delete_project_autosync" time="5.053" /><testcase classname="backend.tests.test_rag_autosync_breakdown" name="test_delete_content_autosync" time="5.110" /></testsuite></testsuites>