<?xml version="1.0" encoding="utf-8"?><testsuites name="pytest tests"><testsuite name="pytest" errors="0" failures="0" skipped="0" tests="19" time="10.294" timestamp="2026-04-23T16:49:30.616237+00:00" hostname="agent-env-27633cd8-2878-472d-92cd-a1b6fa32fc9d"><testcase classname="backend.tests.test_iteration12_auth_register.TestSendOTP" name="test_send_otp_super_admin" time="2.703" /><testcase classname="backend.tests.test_iteration12_auth_register.TestSendOTP" name="test_send_otp_tenant_admin" time="1.212" /><testcase classname="backend.tests.test_iteration12_auth_register.TestSendOTP" name="test_send_otp_nonexistent_phone" time="0.123" /><testcase classname="backend.tests.test_iteration12_auth_register.TestPasswordLogin" name="test_login_super_admin" time="0.384" /><testcase classname="backend.tests.test_iteration12_auth_register.TestPasswordLogin" name="test_login_tenant_admin" time="0.333" /><testcase classname="backend.tests.test_iteration12_auth_register.TestPasswordLogin" name="test_login_wrong_password" time="0.333" /><testcase classname="backend.tests.test_iteration12_auth_register.TestPasswordLogin" name="test_login_nonexistent_user" time="0.146" /><testcase classname="backend.tests.test_iteration12_auth_register.TestRegistration" name="test_register_new_user_creates_tenant" time="0.356" /><testcase classname="backend.tests.test_iteration12_auth_register.TestRegistration" name="test_register_without_role_defaults_to_tenant_admin" time="0.372" /><testcase classname="backend.tests.test_iteration12_auth_register.TestRegistration" name="test_register_duplicate_phone_fails" time="0.112" /><testcase classname="backend.tests.test_iteration12_auth_register.TestRegistration" name="test_register_creates_tenant_with_category" time="0.359" /><testcase classname="backend.tests.test_iteration12_auth_register.TestSuperAdminDashboard" name="test_saas_admin_dashboard_super_admin" time="0.466" /><testcase classname="backend.tests.test_iteration12_auth_register.TestSuperAdminDashboard" name="test_saas_admin_dashboard_tenant_admin_forbidden" time="0.466" /><testcase classname="backend.tests.test_iteration12_auth_register.TestTenantAdminInbox" name="test_inbox_stats_tenant_admin" time="0.455" /><testcase classname="backend.tests.test_iteration12_auth_register.TestEmotionDetection" name="test_detect_emotion_angry" time="0.488" /><testcase classname="backend.tests.test_iteration12_auth_register.TestEmotionDetection" name="test_detect_emotion_happy" time="0.439" /><testcase classname="backend.tests.test_iteration12_auth_register.TestFollowupConfig" name="test_get_followup_config" time="0.459" /><testcase classname="backend.tests.test_iteration12_auth_register.TestLeadFields" name="test_get_lead_fields_real_estate" time="0.461" /><testcase classname="backend.tests.test_iteration12_auth_register.TestLeadFields" name="test_get_lead_fields_astrology" time="0.533" /></testsuite></testsuites>