<?xml version="1.0" encoding="utf-8"?><testsuites name="pytest tests"><testsuite name="pytest" errors="0" failures="0" skipped="0" tests="14" time="4.824" timestamp="2026-04-23T08:35:36.965329+00:00" hostname="agent-env-27633cd8-2878-472d-92cd-a1b6fa32fc9d"><testcase classname="backend.tests.test_memoraai_landing.TestHealthEndpoints" name="test_api_health" time="0.403" /><testcase classname="backend.tests.test_memoraai_landing.TestHealthEndpoints" name="test_api_root" time="0.100" /><testcase classname="backend.tests.test_memoraai_landing.TestIndustriesPublicAPI" name="test_list_industries_returns_16" time="0.115" /><testcase classname="backend.tests.test_memoraai_landing.TestIndustriesPublicAPI" name="test_industries_have_required_fields" time="0.105" /><testcase classname="backend.tests.test_memoraai_landing.TestIndustriesPublicAPI" name="test_get_real_estate_industry" time="0.110" /><testcase classname="backend.tests.test_memoraai_landing.TestIndustriesPublicAPI" name="test_get_astrology_industry" time="0.112" /><testcase classname="backend.tests.test_memoraai_landing.TestIndustriesPublicAPI" name="test_get_hospital_industry" time="0.116" /><testcase classname="backend.tests.test_memoraai_landing.TestIndustriesPublicAPI" name="test_get_nonexistent_industry_returns_404" time="0.107" /><testcase classname="backend.tests.test_memoraai_landing.TestIndustriesPublicAPI" name="test_all_16_industries_accessible" time="1.780" /><testcase classname="backend.tests.test_memoraai_landing.TestAuthEndpoints" name="test_login_with_valid_credentials" time="0.343" /><testcase classname="backend.tests.test_memoraai_landing.TestAuthEndpoints" name="test_login_with_invalid_credentials" time="0.116" /><testcase classname="backend.tests.test_memoraai_landing.TestAuthenticatedEndpoints" name="test_categories_available" time="0.461" /><testcase classname="backend.tests.test_memoraai_landing.TestAuthenticatedEndpoints" name="test_services_list" time="0.435" /><testcase classname="backend.tests.test_memoraai_landing.TestAuthenticatedEndpoints" name="test_memory_stats" time="0.450" /></testsuite></testsuites>