<?xml version="1.0" encoding="utf-8"?><testsuites name="pytest tests"><testsuite name="pytest" errors="0" failures="0" skipped="0" tests="22" time="8.817" timestamp="2026-04-23T06:22:29.581277+00:00" hostname="agent-env-27633cd8-2878-472d-92cd-a1b6fa32fc9d"><testcase classname="backend.tests.test_memoraai_phase3.TestMemoraAIPhase3" name="test_api_root_no_realapex" time="0.465" /><testcase classname="backend.tests.test_memoraai_phase3.TestMemoraAIPhase3" name="test_category_stats_endpoint_exists" time="0.445" /><testcase classname="backend.tests.test_memoraai_phase3.TestMemoraAIPhase3" name="test_category_stats_returns_widgets" time="0.404" /><testcase classname="backend.tests.test_memoraai_phase3.TestMemoraAIPhase3" name="test_category_stats_astrology_widgets" time="0.374" /><testcase classname="backend.tests.test_memoraai_phase3.TestMemoraAIPhase3" name="test_category_stats_widget_structure" time="0.380" /><testcase classname="backend.tests.test_memoraai_phase3.TestMemoraAIPhase3" name="test_category_stats_summary" time="0.386" /><testcase classname="backend.tests.test_memoraai_phase3.TestMemoraAIPhase3" name="test_semantic_search_endpoint_exists" time="0.499" /><testcase classname="backend.tests.test_memoraai_phase3.TestMemoraAIPhase3" name="test_semantic_search_basic" time="0.377" /><testcase classname="backend.tests.test_memoraai_phase3.TestMemoraAIPhase3" name="test_semantic_search_with_phone_filter" time="0.373" /><testcase classname="backend.tests.test_memoraai_phase3.TestMemoraAIPhase3" name="test_semantic_search_empty_query" time="0.367" /><testcase classname="backend.tests.test_memoraai_phase3.TestMemoraAIPhase3" name="test_rag_context_endpoint_exists" time="0.467" /><testcase classname="backend.tests.test_memoraai_phase3.TestMemoraAIPhase3" name="test_rag_context_basic" time="0.372" /><testcase classname="backend.tests.test_memoraai_phase3.TestMemoraAIPhase3" name="test_rag_context_new_customer" time="0.385" /><testcase classname="backend.tests.test_memoraai_phase3.TestMemoraAIPhase3" name="test_categories_available" time="0.410" /><testcase classname="backend.tests.test_memoraai_phase3.TestMemoraAIPhase3" name="test_categories_my" time="0.411" /><testcase classname="backend.tests.test_memoraai_phase3.TestMemoraAIPhase3" name="test_services_list" time="0.364" /><testcase classname="backend.tests.test_memoraai_phase3.TestMemoraAIPhase3" name="test_hot_sales_list" time="0.391" /><testcase classname="backend.tests.test_memoraai_phase3.TestMemoraAIPhase3" name="test_hot_sales_stats" time="0.375" /><testcase classname="backend.tests.test_memoraai_phase3.TestMemoraAIPhase3" name="test_sales_alerts" time="0.368" /><testcase classname="backend.tests.test_memoraai_phase3.TestMemoraAIPhase3" name="test_waba_config" time="0.380" /><testcase classname="backend.tests.test_memoraai_phase3.TestMemoraAIPhase3" name="test_memory_stats" time="0.374" /><testcase classname="backend.tests.test_memoraai_phase3.TestMemoraAIPhase3" name="test_customer_memory" time="0.368" /></testsuite></testsuites>