<?xml version="1.0" encoding="utf-8"?><testsuites name="pytest tests"><testsuite name="pytest" errors="0" failures="0" skipped="0" tests="21" time="4.973" timestamp="2026-04-23T05:44:31.547008+00:00" hostname="agent-env-27633cd8-2878-472d-92cd-a1b6fa32fc9d"><testcase classname="backend.tests.test_memoraai_features.TestMemoraAIAuth" name="test_login_success" time="0.354" /><testcase classname="backend.tests.test_memoraai_features.TestMemoraAICategories" name="test_get_available_categories" time="0.111" /><testcase classname="backend.tests.test_memoraai_features.TestMemoraAICategories" name="test_select_beauty_salon_category" time="0.438" /><testcase classname="backend.tests.test_memoraai_features.TestMemoraAICategories" name="test_get_my_categories" time="0.113" /><testcase classname="backend.tests.test_memoraai_features.TestMemoraAIServices" name="test_get_services" time="0.429" /><testcase classname="backend.tests.test_memoraai_features.TestMemoraAIServices" name="test_create_custom_service" time="0.114" /><testcase classname="backend.tests.test_memoraai_features.TestMemoraAIServices" name="test_update_service" time="0.118" /><testcase classname="backend.tests.test_memoraai_features.TestMemoraAIServices" name="test_toggle_service" time="0.107" /><testcase classname="backend.tests.test_memoraai_features.TestMemoraAIHotSales" name="test_create_hot_sale" time="0.451" /><testcase classname="backend.tests.test_memoraai_features.TestMemoraAIHotSales" name="test_list_hot_sales" time="0.112" /><testcase classname="backend.tests.test_memoraai_features.TestMemoraAIHotSales" name="test_hot_sales_stats" time="0.217" /><testcase classname="backend.tests.test_memoraai_features.TestMemoraAISalesAlerts" name="test_list_sales_alerts" time="0.430" /><testcase classname="backend.tests.test_memoraai_features.TestMemoraAISalesAlerts" name="test_alert_stats" time="0.117" /><testcase classname="backend.tests.test_memoraai_features.TestMemoraAIWABA" name="test_get_waba_config" time="0.424" /><testcase classname="backend.tests.test_memoraai_features.TestMemoraAIWABA" name="test_save_waba_config" time="0.101" /><testcase classname="backend.tests.test_memoraai_features.TestMemoraAIWABA" name="test_generate_templates" time="0.103" /><testcase classname="backend.tests.test_memoraai_features.TestMemoraAIMemory" name="test_add_customer_memory" time="0.431" /><testcase classname="backend.tests.test_memoraai_features.TestMemoraAIMemory" name="test_get_customer_memories" time="0.112" /><testcase classname="backend.tests.test_memoraai_features.TestMemoraAIMemory" name="test_memory_stats" time="0.105" /><testcase classname="backend.tests.test_memoraai_features.TestCleanup" name="test_cleanup_test_service" time="0.420" /><testcase classname="backend.tests.test_memoraai_features.TestCleanup" name="test_cleanup_test_hot_sale" time="0.108" /></testsuite></testsuites>