<?xml version="1.0" encoding="utf-8"?><testsuites name="pytest tests"><testsuite name="pytest" errors="0" failures="0" skipped="0" tests="24" time="5.411" timestamp="2026-04-23T07:24:57.351720+00:00" hostname="agent-env-27633cd8-2878-472d-92cd-a1b6fa32fc9d"><testcase classname="backend.tests.test_memoraai_phase4.TestAppointmentCRUD" name="test_create_appointment" time="0.659" /><testcase classname="backend.tests.test_memoraai_phase4.TestAppointmentCRUD" name="test_list_appointments" time="0.158" /><testcase classname="backend.tests.test_memoraai_phase4.TestAppointmentCRUD" name="test_list_appointments_with_status_filter" time="0.107" /><testcase classname="backend.tests.test_memoraai_phase4.TestAppointmentCRUD" name="test_list_appointments_with_date_filter" time="0.139" /><testcase classname="backend.tests.test_memoraai_phase4.TestAppointmentCRUD" name="test_get_today_summary" time="0.110" /><testcase classname="backend.tests.test_memoraai_phase4.TestAppointmentCRUD" name="test_update_appointment" time="0.110" /><testcase classname="backend.tests.test_memoraai_phase4.TestAppointmentCRUD" name="test_mark_appointment_completed" time="0.353" /><testcase classname="backend.tests.test_memoraai_phase4.TestAppointmentCRUD" name="test_mark_appointment_no_show" time="0.226" /><testcase classname="backend.tests.test_memoraai_phase4.TestAppointmentCRUD" name="test_delete_appointment" time="0.317" /><testcase classname="backend.tests.test_memoraai_phase4.TestAnalytics" name="test_analytics_overview_default" time="0.120" /><testcase classname="backend.tests.test_memoraai_phase4.TestAnalytics" name="test_analytics_overview_week" time="0.128" /><testcase classname="backend.tests.test_memoraai_phase4.TestAnalytics" name="test_analytics_overview_today" time="0.118" /><testcase classname="backend.tests.test_memoraai_phase4.TestAnalytics" name="test_services_breakdown" time="0.114" /><testcase classname="backend.tests.test_memoraai_phase4.TestTemplateWorkflow" name="test_auto_generate_templates" time="0.118" /><testcase classname="backend.tests.test_memoraai_phase4.TestTemplateWorkflow" name="test_list_templates" time="0.109" /><testcase classname="backend.tests.test_memoraai_phase4.TestTemplateWorkflow" name="test_list_templates_by_status" time="0.107" /><testcase classname="backend.tests.test_memoraai_phase4.TestTemplateWorkflow" name="test_create_template" time="0.109" /><testcase classname="backend.tests.test_memoraai_phase4.TestTemplateWorkflow" name="test_update_template" time="0.109" /><testcase classname="backend.tests.test_memoraai_phase4.TestTemplateWorkflow" name="test_submit_template" time="0.115" /><testcase classname="backend.tests.test_memoraai_phase4.TestTemplateWorkflow" name="test_approve_template" time="0.441" /><testcase classname="backend.tests.test_memoraai_phase4.TestTemplateWorkflow" name="test_reject_template" time="0.447" /><testcase classname="backend.tests.test_memoraai_phase4.TestTemplateWorkflow" name="test_delete_template" time="0.207" /><testcase classname="backend.tests.test_memoraai_phase4.TestCleanup" name="test_cleanup_test_appointments" time="0.449" /><testcase classname="backend.tests.test_memoraai_phase4.TestCleanup" name="test_cleanup_test_templates" time="0.443" /></testsuite></testsuites>