<?xml version="1.0" encoding="utf-8"?><testsuites name="pytest tests"><testsuite name="pytest" errors="0" failures="0" skipped="0" tests="13" time="2.914" timestamp="2026-04-23T05:59:20.203937+00:00" hostname="agent-env-27633cd8-2878-472d-92cd-a1b6fa32fc9d"><testcase classname="tests.test_memoraai_rebranding.TestMemoraAIRebranding" name="test_api_root_returns_memoraai" time="0.242" /><testcase classname="tests.test_memoraai_rebranding.TestMemoraAIRebranding" name="test_auth_login_works" time="0.364" /><testcase classname="tests.test_memoraai_rebranding.TestMemoraAIRebranding" name="test_categories_available" time="0.477" /><testcase classname="tests.test_memoraai_rebranding.TestMemoraAIRebranding" name="test_my_categories" time="0.103" /><testcase classname="tests.test_memoraai_rebranding.TestMemoraAIRebranding" name="test_services_list" time="0.105" /><testcase classname="tests.test_memoraai_rebranding.TestMemoraAIRebranding" name="test_hot_sales_stats" time="0.106" /><testcase classname="tests.test_memoraai_rebranding.TestMemoraAIRebranding" name="test_hot_sales_list" time="0.100" /><testcase classname="tests.test_memoraai_rebranding.TestMemoraAIRebranding" name="test_memory_stats" time="0.114" /><testcase classname="tests.test_memoraai_rebranding.TestMemoraAIRebranding" name="test_waba_config" time="0.104" /><testcase classname="tests.test_memoraai_rebranding.TestMemoraAIRebranding" name="test_whatsapp_simulate" time="0.375" /><testcase classname="tests.test_memoraai_rebranding.TestMemoraAIRebranding" name="test_whatsapp_simulate_category_aware" time="0.211" /><testcase classname="tests.test_memoraai_rebranding.TestMemoraAISalesAlerts" name="test_sales_alerts_list" time="0.429" /><testcase classname="tests.test_memoraai_rebranding.TestMemoraAISalesAlerts" name="test_sales_alerts_stats" time="0.115" /></testsuite></testsuites>