<?xml version="1.0" encoding="utf-8"?><testsuites name="pytest tests"><testsuite name="pytest" errors="0" failures="1" skipped="0" tests="15" time="6.003" timestamp="2026-04-23T08:14:23.392484+00:00" hostname="agent-env-27633cd8-2878-472d-92cd-a1b6fa32fc9d"><testcase classname="backend.tests.test_mobile_dashboard_apis.TestHealthAndAuth" name="test_health_endpoint" time="0.139" /><testcase classname="backend.tests.test_mobile_dashboard_apis.TestHealthAndAuth" name="test_api_root" time="0.105" /><testcase classname="backend.tests.test_mobile_dashboard_apis.TestHealthAndAuth" name="test_auth_login" time="0.330" /><testcase classname="backend.tests.test_mobile_dashboard_apis.TestMemoraAIAPIs" name="test_categories_available" time="0.461" /><testcase classname="backend.tests.test_mobile_dashboard_apis.TestMemoraAIAPIs" name="test_services_list" time="0.422" /><testcase classname="backend.tests.test_mobile_dashboard_apis.TestMemoraAIAPIs" name="test_appointments_list" time="0.435" /><testcase classname="backend.tests.test_mobile_dashboard_apis.TestMemoraAIAPIs" name="test_appointments_today_summary" time="0.474" /><testcase classname="backend.tests.test_mobile_dashboard_apis.TestMemoraAIAPIs" name="test_analytics_dashboard" time="0.434" /><testcase classname="backend.tests.test_mobile_dashboard_apis.TestMemoraAIAPIs" name="test_analytics_overview" time="0.440" /><testcase classname="backend.tests.test_mobile_dashboard_apis.TestMemoraAIAPIs" name="test_templates_list" time="0.427" /><testcase classname="backend.tests.test_mobile_dashboard_apis.TestMemoraAIAPIs" name="test_category_stats" time="0.477" /><testcase classname="backend.tests.test_mobile_dashboard_apis.TestMemoraAIAPIs" name="test_hot_sales" time="0.483" /><testcase classname="backend.tests.test_mobile_dashboard_apis.TestMemoraAIAPIs" name="test_sales_alerts" time="0.429" /><testcase classname="backend.tests.test_mobile_dashboard_apis.TestMemoraAIAPIs" name="test_whatsapp_crm_leads" time="0.441"><failure message="assert 404 == 200&#10; +  where 404 = &lt;Response [404]&gt;.status_code">backend/tests/test_mobile_dashboard_apis.py:146: in test_whatsapp_crm_leads
    assert response.status_code == 200
E   assert 404 == 200
E    +  where 404 = &lt;Response [404]&gt;.status_code</failure></testcase><testcase classname="backend.tests.test_mobile_dashboard_apis.TestMemoraAIAPIs" name="test_memory_stats" time="0.422" /></testsuite></testsuites>