<?xml version="1.0" encoding="utf-8"?><testsuites name="pytest tests"><testsuite name="pytest" errors="0" failures="0" skipped="0" tests="18" time="10.748" timestamp="2026-04-23T10:05:33.567801+00:00" hostname="agent-env-27633cd8-2878-472d-92cd-a1b6fa32fc9d"><testcase classname="tests.test_phase9_auth_rules_content.TestAuthLogin" name="test_saas_admin_login_returns_super_admin_role" time="0.537" /><testcase classname="tests.test_phase9_auth_rules_content.TestAuthLogin" name="test_tenant_admin_login_returns_tenant_admin_role" time="0.334" /><testcase classname="tests.test_phase9_auth_rules_content.TestAuthLogin" name="test_login_invalid_password" time="0.324" /><testcase classname="tests.test_phase9_auth_rules_content.TestOTPFlow" name="test_send_otp_for_saas_admin" time="1.255" /><testcase classname="tests.test_phase9_auth_rules_content.TestOTPFlow" name="test_verify_otp_for_saas_admin" time="1.241" /><testcase classname="tests.test_phase9_auth_rules_content.TestOTPFlow" name="test_send_otp_for_tenant_admin" time="1.111" /><testcase classname="tests.test_phase9_auth_rules_content.TestOTPFlow" name="test_send_otp_invalid_phone" time="0.135" /><testcase classname="tests.test_phase9_auth_rules_content.TestBusinessRules" name="test_list_rules_returns_8_defaults" time="0.449" /><testcase classname="tests.test_phase9_auth_rules_content.TestBusinessRules" name="test_create_rule" time="0.439" /><testcase classname="tests.test_phase9_auth_rules_content.TestBusinessRules" name="test_toggle_rule" time="0.698" /><testcase classname="tests.test_phase9_auth_rules_content.TestBusinessRules" name="test_get_active_rules_with_rules_text" time="0.438" /><testcase classname="tests.test_phase9_auth_rules_content.TestContentLibrary" name="test_list_content" time="0.437" /><testcase classname="tests.test_phase9_auth_rules_content.TestContentLibrary" name="test_create_content" time="0.446" /><testcase classname="tests.test_phase9_auth_rules_content.TestContentLibrary" name="test_get_content_stats" time="0.436" /><testcase classname="tests.test_phase9_auth_rules_content.TestContentLibrary" name="test_share_content_increments_count" time="0.702" /><testcase classname="tests.test_phase9_auth_rules_content.TestContentLibrary" name="test_filter_content_by_type" time="0.436" /><testcase classname="tests.test_phase9_auth_rules_content.TestCleanup" name="test_cleanup_test_rules" time="0.580" /><testcase classname="tests.test_phase9_auth_rules_content.TestCleanup" name="test_cleanup_test_content" time="0.671" /></testsuite></testsuites>