<?xml version="1.0" encoding="utf-8"?><testsuites name="pytest tests"><testsuite name="pytest" errors="0" failures="0" skipped="0" tests="22" time="3.839" timestamp="2026-04-23T16:35:22.210560+00:00" hostname="agent-env-27633cd8-2878-472d-92cd-a1b6fa32fc9d"><testcase classname="backend.tests.test_phase10_inbox_saas_leads.TestTeamInboxAPI" name="test_list_conversations" time="0.609" /><testcase classname="backend.tests.test_phase10_inbox_saas_leads.TestTeamInboxAPI" name="test_inbox_stats" time="0.123" /><testcase classname="backend.tests.test_phase10_inbox_saas_leads.TestTeamInboxAPI" name="test_inbox_requires_auth" time="0.273" /><testcase classname="backend.tests.test_phase10_inbox_saas_leads.TestEmotionDetectionAPI" name="test_detect_angry_emotion" time="0.115" /><testcase classname="backend.tests.test_phase10_inbox_saas_leads.TestEmotionDetectionAPI" name="test_detect_happy_emotion" time="0.119" /><testcase classname="backend.tests.test_phase10_inbox_saas_leads.TestEmotionDetectionAPI" name="test_detect_urgent_emotion" time="0.117" /><testcase classname="backend.tests.test_phase10_inbox_saas_leads.TestEmotionDetectionAPI" name="test_detect_confused_emotion" time="0.115" /><testcase classname="backend.tests.test_phase10_inbox_saas_leads.TestEmotionDetectionAPI" name="test_detect_bargaining_emotion" time="0.141" /><testcase classname="backend.tests.test_phase10_inbox_saas_leads.TestEmotionDetectionAPI" name="test_detect_neutral_emotion" time="0.116" /><testcase classname="backend.tests.test_phase10_inbox_saas_leads.TestFollowupConfigAPI" name="test_get_followup_config" time="0.124" /><testcase classname="backend.tests.test_phase10_inbox_saas_leads.TestFollowupConfigAPI" name="test_update_followup_config" time="0.136" /><testcase classname="backend.tests.test_phase10_inbox_saas_leads.TestFollowupConfigAPI" name="test_followup_config_requires_auth" time="0.117" /><testcase classname="backend.tests.test_phase10_inbox_saas_leads.TestLeadCaptureAPI" name="test_get_lead_fields_astrology" time="0.121" /><testcase classname="backend.tests.test_phase10_inbox_saas_leads.TestLeadCaptureAPI" name="test_get_lead_fields_real_estate" time="0.112" /><testcase classname="backend.tests.test_phase10_inbox_saas_leads.TestLeadCaptureAPI" name="test_capture_lead" time="0.127" /><testcase classname="backend.tests.test_phase10_inbox_saas_leads.TestLeadCaptureAPI" name="test_list_leads" time="0.128" /><testcase classname="backend.tests.test_phase10_inbox_saas_leads.TestLeadCaptureAPI" name="test_lead_stats" time="0.129" /><testcase classname="backend.tests.test_phase10_inbox_saas_leads.TestSaaSAdminDashboardAPI" name="test_saas_dashboard_super_admin" time="0.477" /><testcase classname="backend.tests.test_phase10_inbox_saas_leads.TestSaaSAdminDashboardAPI" name="test_saas_dashboard_forbidden_for_tenant_admin" time="0.143" /><testcase classname="backend.tests.test_phase10_inbox_saas_leads.TestSaaSAdminDashboardAPI" name="test_list_all_users_super_admin" time="0.134" /><testcase classname="backend.tests.test_phase10_inbox_saas_leads.TestSaaSAdminDashboardAPI" name="test_list_users_forbidden_for_tenant_admin" time="0.110" /><testcase classname="backend.tests.test_phase10_inbox_saas_leads.TestBusinessRulesStillWorks" name="test_get_business_rules" time="0.159" /></testsuite></testsuites>