<?xml version="1.0" encoding="utf-8"?><testsuites name="pytest tests"><testsuite name="pytest" errors="0" failures="0" skipped="0" tests="19" time="3.721" timestamp="2026-04-23T09:44:19.726442+00:00" hostname="agent-env-27633cd8-2878-472d-92cd-a1b6fa32fc9d"><testcase classname="backend.tests.test_phase8_industries_content.TestIndustriesPublicAPI" name="test_list_industries_returns_16" time="0.204" /><testcase classname="backend.tests.test_phase8_industries_content.TestIndustriesPublicAPI" name="test_industries_have_services_array" time="0.115" /><testcase classname="backend.tests.test_phase8_industries_content.TestIndustriesPublicAPI" name="test_real_estate_has_10_demo_chat_messages" time="0.110" /><testcase classname="backend.tests.test_phase8_industries_content.TestIndustriesPublicAPI" name="test_salon_has_10_demo_chat_messages" time="0.138" /><testcase classname="backend.tests.test_phase8_industries_content.TestIndustriesPublicAPI" name="test_hospital_has_expanded_demo_chat" time="0.108" /><testcase classname="backend.tests.test_phase8_industries_content.TestIndustriesPublicAPI" name="test_all_industries_have_required_fields" time="0.119" /><testcase classname="backend.tests.test_phase8_industries_content.TestIndustriesAdminAPI" name="test_create_industry_requires_auth" time="0.114" /><testcase classname="backend.tests.test_phase8_industries_content.TestIndustriesAdminAPI" name="test_update_industry_requires_auth" time="0.096" /><testcase classname="backend.tests.test_phase8_industries_content.TestIndustriesAdminAPI" name="test_delete_industry_requires_auth" time="0.105" /><testcase classname="backend.tests.test_phase8_industries_content.TestIndustriesAdminAPI" name="test_create_update_delete_industry_flow" time="0.675" /><testcase classname="backend.tests.test_phase8_industries_content.TestContentLibraryAPI" name="test_list_content_requires_auth" time="0.106" /><testcase classname="backend.tests.test_phase8_industries_content.TestContentLibraryAPI" name="test_content_stats_requires_auth" time="0.123" /><testcase classname="backend.tests.test_phase8_industries_content.TestContentLibraryAPI" name="test_create_content_requires_auth" time="0.107" /><testcase classname="backend.tests.test_phase8_industries_content.TestContentLibraryAPI" name="test_list_content_with_auth" time="0.151" /><testcase classname="backend.tests.test_phase8_industries_content.TestContentLibraryAPI" name="test_content_stats_with_auth" time="0.119" /><testcase classname="backend.tests.test_phase8_industries_content.TestContentLibraryAPI" name="test_create_update_share_delete_content_flow" time="0.558" /><testcase classname="backend.tests.test_phase8_industries_content.TestContentLibraryAPI" name="test_content_type_filter" time="0.229" /><testcase classname="backend.tests.test_phase8_industries_content.TestAuthEndpoints" name="test_login_with_valid_credentials" time="0.331" /><testcase classname="backend.tests.test_phase8_industries_content.TestAuthEndpoints" name="test_login_with_invalid_credentials" time="0.138" /></testsuite></testsuites>