<?xml version="1.0" encoding="utf-8"?><testsuites name="pytest tests"><testsuite name="pytest" errors="0" failures="0" skipped="0" tests="12" time="4.310" timestamp="2026-04-23T05:23:25.806438+00:00" hostname="agent-env-27633cd8-2878-472d-92cd-a1b6fa32fc9d"><testcase classname="tests.test_auth_api.TestHealthEndpoints" name="test_api_root_health" time="0.843" /><testcase classname="tests.test_auth_api.TestHealthEndpoints" name="test_api_health_endpoint" time="0.139" /><testcase classname="tests.test_auth_api.TestAuthLogin" name="test_login_tenant_admin_success" time="0.347" /><testcase classname="tests.test_auth_api.TestAuthLogin" name="test_login_super_admin_success" time="0.325" /><testcase classname="tests.test_auth_api.TestAuthLogin" name="test_login_invalid_password" time="0.328" /><testcase classname="tests.test_auth_api.TestAuthLogin" name="test_login_nonexistent_user" time="0.143" /><testcase classname="tests.test_auth_api.TestAuthLogin" name="test_login_missing_password" time="0.110" /><testcase classname="tests.test_auth_api.TestAuthOTP" name="test_send_otp_success" time="1.275" /><testcase classname="tests.test_auth_api.TestAuthOTP" name="test_send_otp_nonexistent_phone" time="0.107" /><testcase classname="tests.test_auth_api.TestAuthMe" name="test_get_current_user_with_token" time="0.431" /><testcase classname="tests.test_auth_api.TestAuthMe" name="test_get_current_user_without_token" time="0.098" /><testcase classname="tests.test_auth_api.TestAuthRoles" name="test_get_all_roles" time="0.101" /></testsuite></testsuites>